Context values received: 
Configuration Parameters:
sessions: [dct_arbiter.paul.25_09_03_10_43_56_4509]
Server: https://sg106.office.dreamchip.de
loaded_vplan: [dct_arbiter]
UDAs: [Overall_Covered_Grade, Passed_Runs, Failed_Runs]
Port: 8085
Token: AAAF5pB-BKoAAAADJNAW.PitLAuVn67lBZtSG-O0rWoWtZ_11e0RL5kZs_Q1ZV84=
Project: vmgr
CUDAs: [OVERALL_GRADE, passed_runs_count, failed_runs_count]
Username: admin
entityTypes: [Section, Metrics Port]
debugMode: 1
Tool version: TOOL:Cadence Verisium Manager 24.09-s001 build:2024-10-01 13:14:06
URL: https://sg106.office.dreamchip.de:8085/vmgr/hmac/rest/ops-hub-license/acquire-ops-hub-license
Request Body: {"value":"AAAF5pB-BKoAAAADJNAW.PitLAuVn67lBZtSG-O0rWoWtZ_11e0RL5kZs_Q1ZV84="}
Response: {"value":"OPS_HUB_8abfe304-7fa2-4fd3-b59c-d32a0e213ed2"}
License token value: 8abfe304-7fa2-4fd3-b59c-d32a0e213ed2
OPS_HUB_8abfe304-7fa2-4fd3-b59c-d32a0e213ed2
Get filtered sessions list request
Fetching filter for sessions
dct_arbiter.paul.25_09_03_10_43_56_4509
Only one filter given
URL: https://sg106.office.dreamchip.de:8085/vmgr/hmac/vapi/rest/sessions/list
Request Body: {"filter":{"attValue":"dct_arbiter.paul.25_09_03_10_43_56_4509","@c":".AttValueFilter","attName":"name","operand":"EQUALS"},"sortSpec":[{"attName":"start_time","direction":"DESCENDING"}]}
Response: [{"original_vsif":"/project/soclib/work/paul/trunk/setup/vmgr/vsif/base_session.vsif","launched_with_runner2_vmgr":"TRUE","owner":"paul","region_identifier":"default","top_dir":"/project/soclib/work/paul/trunk/modules/dct_arbiter/sim/run/dct_arbiter.paul.25_09_03_10_43_56_4509/..","is_sflow":"FALSE","create_optimized_coverage_data":"NONE","session_type":"runner","session_name":"dct_arbiter.paul.25_09_03_10_43_56_4509","is_cr_mode_vmgr":false,"name":"dct_arbiter.paul.25_09_03_10_43_56_4509","coverage_library_version":"24.09-s001","use_incremental_merged_model_for_analysis_vmgr":true,"bundling_policy":"DISABLED","other_runs":0,"editing":"None","queuing_policy":"LONG2SHORT","number_of_entities":1,"incremental_merge_slice_size_vmgr":10,"session_status":"completed","post_session_log_file":"/project/soclib/work/paul/trunk/modules/dct_arbiter/sim/run/dct_arbiter.paul.25_09_03_10_43_56_4509/chain_0/post_session.log","duration":40,"running":0,"original_session_dir":"/project/soclib/work/paul/trunk/modules/dct_arbiter/sim/run/dct_arbiter.paul.25_09_03_10_43_56_4509","max_runs_in_parallel":5,"waiting":0,"precious_env_vars":"TMPDIR","resubmit_failed_submission_vmgr":0,"output_mode":"log_only","enable_session_recovery_vmgr":"FALSE","db_insertion_priority":"LOW","failed_runs":0,"log_file":"/project/soclib/work/paul/trunk/modules/dct_arbiter/sim/run/dct_arbiter.paul.25_09_03_10_43_56_4509/chain_0/vm_brun.log","has_ucd":1,"id":262154,"can_improve_tat_using_smart_run_vmgr":false,"start_time":1756889036000,"pre_session_script":"/project/soclib/work/paul/trunk/setup/vmgr/scripts/pre_session_script.sh","total_runs_in_session":3,"verification_scope":"default","resubmit_removed_drm_jobs_vmgr":0,"passed_runs":3,"incremental_merge_type_vmgr":"NONE","master_submission_policy":"execute_locally","description":"dct_arbiter","smart_scheduler_data_type_vmgr":"DURATION","time_for_sync":0,"end_time":1756889076000,"abort_dependent_jobs_on_nonzero_exit":"TRUE","propose_failure_clusters_vmgr":"FALSE","default_dispatch_parameters":"--partition=simulation","version":"1","pre_session_log_file":"/project/soclib/work/paul/trunk/modules/dct_arbiter/sim/run/dct_arbiter.paul.25_09_03_10_43_56_4509/chain_0/pre_session.log","last_update":1756889086951,"run_mode":"batch","model_dir":"$DIR(session)/model_dir","session_dir":"/project/soclib/work/paul/trunk/modules/dct_arbiter/sim/run/dct_arbiter.paul.25_09_03_10_43_56_4509","host_lock_timeout":0,"drm":"SLURM","free_hosts":"TRUE","use_weak_dependency_vmgr":false,"incremental_merge_runs_merged_vmgr":0,"updated_by_vmgr":"root","incremental_merge_last_time_merged_vmgr":0,"parsed_vsif":"parsed_dct_arbiter.paul.25_09_03_10_43_56_4509.vsif","session_source_type":"launch","abort_dependent_runs_on_failure":"FALSE","incremental_merge_timeout_to_merge_vmgr":300}]
Retrieving filtered sessions JSON
Parsed List: [{original_vsif=/project/soclib/work/paul/trunk/setup/vmgr/vsif/base_session.vsif, launched_with_runner2_vmgr=TRUE, owner=paul, region_identifier=default, top_dir=/project/soclib/work/paul/trunk/modules/dct_arbiter/sim/run/dct_arbiter.paul.25_09_03_10_43_56_4509/.., is_sflow=FALSE, create_optimized_coverage_data=NONE, session_type=runner, session_name=dct_arbiter.paul.25_09_03_10_43_56_4509, is_cr_mode_vmgr=false, name=dct_arbiter.paul.25_09_03_10_43_56_4509, coverage_library_version=24.09-s001, use_incremental_merged_model_for_analysis_vmgr=true, bundling_policy=DISABLED, other_runs=0, editing=None, queuing_policy=LONG2SHORT, number_of_entities=1, incremental_merge_slice_size_vmgr=10, session_status=completed, post_session_log_file=/project/soclib/work/paul/trunk/modules/dct_arbiter/sim/run/dct_arbiter.paul.25_09_03_10_43_56_4509/chain_0/post_session.log, duration=40, running=0, original_session_dir=/project/soclib/work/paul/trunk/modules/dct_arbiter/sim/run/dct_arbiter.paul.25_09_03_10_43_56_4509, max_runs_in_parallel=5, waiting=0, precious_env_vars=TMPDIR, resubmit_failed_submission_vmgr=0, output_mode=log_only, enable_session_recovery_vmgr=FALSE, db_insertion_priority=LOW, failed_runs=0, log_file=/project/soclib/work/paul/trunk/modules/dct_arbiter/sim/run/dct_arbiter.paul.25_09_03_10_43_56_4509/chain_0/vm_brun.log, has_ucd=1, id=262154, can_improve_tat_using_smart_run_vmgr=false, start_time=1756889036000, pre_session_script=/project/soclib/work/paul/trunk/setup/vmgr/scripts/pre_session_script.sh, total_runs_in_session=3, verification_scope=default, resubmit_removed_drm_jobs_vmgr=0, passed_runs=3, incremental_merge_type_vmgr=NONE, master_submission_policy=execute_locally, description=dct_arbiter, smart_scheduler_data_type_vmgr=DURATION, time_for_sync=0, end_time=1756889076000, abort_dependent_jobs_on_nonzero_exit=TRUE, propose_failure_clusters_vmgr=FALSE, default_dispatch_parameters=--partition=simulation, version=1, pre_session_log_file=/project/soclib/work/paul/trunk/modules/dct_arbiter/sim/run/dct_arbiter.paul.25_09_03_10_43_56_4509/chain_0/pre_session.log, last_update=1756889086951, run_mode=batch, model_dir=$DIR(session)/model_dir, session_dir=/project/soclib/work/paul/trunk/modules/dct_arbiter/sim/run/dct_arbiter.paul.25_09_03_10_43_56_4509, host_lock_timeout=0, drm=SLURM, free_hosts=TRUE, use_weak_dependency_vmgr=false, incremental_merge_runs_merged_vmgr=0, updated_by_vmgr=root, incremental_merge_last_time_merged_vmgr=0, parsed_vsif=parsed_dct_arbiter.paul.25_09_03_10_43_56_4509.vsif, session_source_type=launch, abort_dependent_runs_on_failure=FALSE, incremental_merge_timeout_to_merge_vmgr=300}]
Session Data: {original_vsif=/project/soclib/work/paul/trunk/setup/vmgr/vsif/base_session.vsif, launched_with_runner2_vmgr=TRUE, owner=paul, region_identifier=default, top_dir=/project/soclib/work/paul/trunk/modules/dct_arbiter/sim/run/dct_arbiter.paul.25_09_03_10_43_56_4509/.., is_sflow=FALSE, create_optimized_coverage_data=NONE, session_type=runner, session_name=dct_arbiter.paul.25_09_03_10_43_56_4509, is_cr_mode_vmgr=false, name=dct_arbiter.paul.25_09_03_10_43_56_4509, coverage_library_version=24.09-s001, use_incremental_merged_model_for_analysis_vmgr=true, bundling_policy=DISABLED, other_runs=0, editing=None, queuing_policy=LONG2SHORT, number_of_entities=1, incremental_merge_slice_size_vmgr=10, session_status=completed, post_session_log_file=/project/soclib/work/paul/trunk/modules/dct_arbiter/sim/run/dct_arbiter.paul.25_09_03_10_43_56_4509/chain_0/post_session.log, duration=40, running=0, original_session_dir=/project/soclib/work/paul/trunk/modules/dct_arbiter/sim/run/dct_arbiter.paul.25_09_03_10_43_56_4509, max_runs_in_parallel=5, waiting=0, precious_env_vars=TMPDIR, resubmit_failed_submission_vmgr=0, output_mode=log_only, enable_session_recovery_vmgr=FALSE, db_insertion_priority=LOW, failed_runs=0, log_file=/project/soclib/work/paul/trunk/modules/dct_arbiter/sim/run/dct_arbiter.paul.25_09_03_10_43_56_4509/chain_0/vm_brun.log, has_ucd=1, id=262154, can_improve_tat_using_smart_run_vmgr=false, start_time=1756889036000, pre_session_script=/project/soclib/work/paul/trunk/setup/vmgr/scripts/pre_session_script.sh, total_runs_in_session=3, verification_scope=default, resubmit_removed_drm_jobs_vmgr=0, passed_runs=3, incremental_merge_type_vmgr=NONE, master_submission_policy=execute_locally, description=dct_arbiter, smart_scheduler_data_type_vmgr=DURATION, time_for_sync=0, end_time=1756889076000, abort_dependent_jobs_on_nonzero_exit=TRUE, propose_failure_clusters_vmgr=FALSE, default_dispatch_parameters=--partition=simulation, version=1, pre_session_log_file=/project/soclib/work/paul/trunk/modules/dct_arbiter/sim/run/dct_arbiter.paul.25_09_03_10_43_56_4509/chain_0/pre_session.log, last_update=1756889086951, run_mode=batch, model_dir=$DIR(session)/model_dir, session_dir=/project/soclib/work/paul/trunk/modules/dct_arbiter/sim/run/dct_arbiter.paul.25_09_03_10_43_56_4509, host_lock_timeout=0, drm=SLURM, free_hosts=TRUE, use_weak_dependency_vmgr=false, incremental_merge_runs_merged_vmgr=0, updated_by_vmgr=root, incremental_merge_last_time_merged_vmgr=0, parsed_vsif=parsed_dct_arbiter.paul.25_09_03_10_43_56_4509.vsif, session_source_type=launch, abort_dependent_runs_on_failure=FALSE, incremental_merge_timeout_to_merge_vmgr=300}
Filtered Sessions: [dct_arbiter.paul.25_09_03_10_43_56_4509]
Fetching grade attributes based on the session and refinements
Request Payload:
{"filter":{"@c":".InFilter","values":["Section","Metrics Port"],"attName":"vplan_element_kind","operand":"IN"},"pageLength":1000,"pageOffset":0,"projection":{"selection":["OVERALL_GRADE","passed_runs_count","failed_runs_count","Overall_Covered_Grade","Passed_Runs","Failed_Runs","element_id","vplan_element_kind"]},"sticky-context":{"db-vplan":"true","runs-rs":{"filter":{"condition":"OR","chain":[{"attValue":"dct_arbiter.paul.25_09_03_10_43_56_4509","@c":".AttValueFilter","attName":"parent_session_name","operand":"EQUALS"}],"@c":".ChainedFilter"}},"vplan":"dct_arbiter"},"recursive":"true"}
URL: https://sg106.office.dreamchip.de:8085/vmgr/hmac/vapi/rest/vplan/list-sub-elements
Request Body: {"filter":{"@c":".InFilter","values":["Section","Metrics Port"],"attName":"vplan_element_kind","operand":"IN"},"pageLength":1000,"pageOffset":0,"projection":{"selection":["OVERALL_GRADE","passed_runs_count","failed_runs_count","Overall_Covered_Grade","Passed_Runs","Failed_Runs","element_id","vplan_element_kind"]},"sticky-context":{"db-vplan":"true","runs-rs":{"filter":{"condition":"OR","chain":[{"attValue":"dct_arbiter.paul.25_09_03_10_43_56_4509","@c":".AttValueFilter","attName":"parent_session_name","operand":"EQUALS"}],"@c":".ChainedFilter"}},"vplan":"dct_arbiter"},"recursive":"true"}
Response: The attribute 'OVERALL_GRADE' is not supported for requests of types (Section,Plan,Perspective,Reference,Metrics Port,Referenced Section,Referenced Metrics Port,ReferenceMappingPattern,Referenced Reference,AnalysisInstance,AnalysisModule,AnalysisCoverGroup,AnalysisCoverItem,AnalysisFSM,AnalysisAssertion,AnalysisTestModel,AnalysisSignal,CoverageContainerBase)
Error occurred in vAPI call for: https://sg106.office.dreamchip.de:8085/vmgr/hmac/vapi/rest/vplan/list-sub-elements
Request Body: {"filter":{"@c":".InFilter","values":["Section","Metrics Port"],"attName":"vplan_element_kind","operand":"IN"},"pageLength":1000,"pageOffset":0,"projection":{"selection":["OVERALL_GRADE","passed_runs_count","failed_runs_count","Overall_Covered_Grade","Passed_Runs","Failed_Runs","element_id","vplan_element_kind"]},"sticky-context":{"db-vplan":"true","runs-rs":{"filter":{"condition":"OR","chain":[{"attValue":"dct_arbiter.paul.25_09_03_10_43_56_4509","@c":".AttValueFilter","attName":"parent_session_name","operand":"EQUALS"}],"@c":".ChainedFilter"}},"vplan":"dct_arbiter"},"recursive":"true"}
Response Body: The attribute 'OVERALL_GRADE' is not supported for requests of types (Section,Plan,Perspective,Reference,Metrics Port,Referenced Section,Referenced Metrics Port,ReferenceMappingPattern,Referenced Reference,AnalysisInstance,AnalysisModule,AnalysisCoverGroup,AnalysisCoverItem,AnalysisFSM,AnalysisAssertion,AnalysisTestModel,AnalysisSignal,CoverageContainerBase)
Status Code: 406
URL: https://sg106.office.dreamchip.de:8085/vmgr/hmac/rest/ops-hub-license/release-ops-hub-license
Request Body: {"value":"OPS_HUB_8abfe304-7fa2-4fd3-b59c-d32a0e213ed2"}
Response: {"value":true}
